生成启动时间为 2016/8/22 13:31:15。
     1>项目“E:\vs2010_proj\JNIDemo\JNIDemo\JNIDemo.vcxproj”在节点 2 上(build 个目标)。
     1>InitializeBuildStatus:
         正在创建“x64\Debug\JNIDemo.unsuccessfulbuild”，因为已指定“AlwaysCreate”。
       ClCompile:
         所有输出均为最新。
         所有输出均为最新。
         C:\Program Files (x86)\Microsoft Visual Studio 10.0\VC\bin\x86_amd64\CL.exe /c /Zi /nologo /W3 /WX- /Od /D WIN32 /D _DEBUG /D _WINDOWS /D _USRDLL /D JNIDEMO_EXPORTS /D _WINDLL /D _UNICODE /D UNICODE /Gm /EHsc /RTC1 /MDd /GS /fp:precise /Zc:wchar_t /Zc:forScope /Yu"StdAfx.h" /Fp"x64\Debug\JNIDemo.pch" /Fo"x64\Debug\\" /Fd"x64\Debug\vc100.pdb" /Gd /TP /errorReport:prompt JNIDemo.cpp
         {{xgTaskID=00000004}}
         JNIDemo.cpp
         {{xgTaskID=00000000}}
       ManifestResourceCompile:
         所有输出均为最新。
       Link:
         C:\Program Files (x86)\Microsoft Visual Studio 10.0\VC\bin\x86_amd64\link.exe /ERRORREPORT:PROMPT /OUT:"E:\vs2010_proj\JNIDemo\x64\Debug\JNIDemo.dll" /INCREMENTAL /NOLOGO kernel32.lib user32.lib gdi32.lib winspool.lib comdlg32.lib advapi32.lib shell32.lib ole32.lib oleaut32.lib uuid.lib odbc32.lib odbccp32.lib /MANIFEST /ManifestFile:"x64\Debug\JNIDemo.dll.intermediate.manifest" /MANIFESTUAC:"level='asInvoker' uiAccess='false'" /DEBUG /PDB:"E:\vs2010_proj\JNIDemo\x64\Debug\JNIDemo.pdb" /SUBSYSTEM:WINDOWS /TLBID:1 /DYNAMICBASE /NXCOMPAT /IMPLIB:"E:\vs2010_proj\JNIDemo\x64\Debug\JNIDemo.lib" /MACHINE:X64 /DLL x64\Debug\JNIDemo.dll.embed.manifest.res
         x64\Debug\dllmain.obj
         x64\Debug\JNIDemo.obj
         x64\Debug\stdafx.obj
         {{xgTaskID=00000005}}
         
         {{xgTaskID=00000000}}
         JNIDemo.vcxproj -> E:\vs2010_proj\JNIDemo\x64\Debug\JNIDemo.dll
       Manifest:
         C:\Program Files (x86)\Microsoft SDKs\Windows\v7.0A\bin\mt.exe /nologo /verbose /out:"x64\Debug\JNIDemo.dll.embed.manifest" /manifest x64\Debug\JNIDemo.dll.intermediate.manifest
         {{xgTaskID=00000006}}
         
         {{xgTaskID=00000000}}
         所有输出均为最新。
       LinkEmbedManifest:
         所有输出均为最新。
         JNIDemo.vcxproj -> E:\vs2010_proj\JNIDemo\x64\Debug\JNIDemo.dll
       FinalizeBuildStatus:
         正在删除文件“x64\Debug\JNIDemo.unsuccessfulbuild”。
         正在对“x64\Debug\JNIDemo.lastbuildstate”执行 Touch 任务。
     1>已完成生成项目“E:\vs2010_proj\JNIDemo\JNIDemo\JNIDemo.vcxproj”(build 个目标)的操作。

生成成功。

已用时间 00:00:00.99
