生成启动时间为 2016/8/22 11:51:31。
     1>项目“E:\vs2010_proj\JNIDemo\JNIDemo\JNIDemo.vcxproj”在节点 2 上(build 个目标)。
     1>InitializeBuildStatus:
         正在创建“Debug\JNIDemo.unsuccessfulbuild”，因为已指定“AlwaysCreate”。
       ClCompile:
         所有输出均为最新。
         所有输出均为最新。
         C:\Program Files (x86)\Microsoft Visual Studio 10.0\VC\bin\CL.exe /c /ZI /nologo /W3 /WX- /Od /Oy- /D WIN32 /D _DEBUG /D _WINDOWS /D _USRDLL /D JNIDEMO_EXPORTS /D _WINDLL /D _UNICODE /D UNICODE /Gm /EHsc /RTC1 /MDd /GS /fp:precise /Zc:wchar_t /Zc:forScope /Yu"StdAfx.h" /Fp"Debug\JNIDemo.pch" /Fo"Debug\\" /Fd"Debug\vc100.pdb" /Gd /TP /analyze- /errorReport:prompt JNIDemo.cpp
         {{xgTaskID=00000004}}
         JNIDemo.cpp
         {{xgTaskID=00000000}}
       ManifestResourceCompile:
         所有输出均为最新。
       Link:
         C:\Program Files (x86)\Microsoft Visual Studio 10.0\VC\bin\link.exe /ERRORREPORT:PROMPT /OUT:"E:\vs2010_proj\JNIDemo\Debug\JNIDemo.dll" /INCREMENTAL /NOLOGO kernel32.lib user32.lib gdi32.lib winspool.lib comdlg32.lib advapi32.lib shell32.lib ole32.lib oleaut32.lib uuid.lib odbc32.lib odbccp32.lib /MANIFEST /ManifestFile:"Debug\JNIDemo.dll.intermediate.manifest" /MANIFESTUAC:"level='asInvoker' uiAccess='false'" /DEBUG /PDB:"E:\vs2010_proj\JNIDemo\Debug\JNIDemo.pdb" /SUBSYSTEM:WINDOWS /TLBID:1 /DYNAMICBASE /NXCOMPAT /IMPLIB:"E:\vs2010_proj\JNIDemo\Debug\JNIDemo.lib" /MACHINE:X86 /DLL Debug\JNIDemo.dll.embed.manifest.res
         Debug\dllmain.obj
         Debug\JNIDemo.obj
         Debug\stdafx.obj
         {{xgTaskID=00000005}}
            正在创建库 E:\vs2010_proj\JNIDemo\Debug\JNIDemo.lib 和对象 E:\vs2010_proj\JNIDemo\Debug\JNIDemo.exp
         {{xgTaskID=00000000}}
       Manifest:
         C:\Program Files (x86)\Microsoft SDKs\Windows\v7.0A\bin\mt.exe /nologo /verbose /out:"Debug\JNIDemo.dll.embed.manifest" /manifest Debug\JNIDemo.dll.intermediate.manifest
         {{xgTaskID=00000006}}
         
         {{xgTaskID=00000000}}
         所有输出均为最新。
       LinkEmbedManifest:
         所有输出均为最新。
         JNIDemo.vcxproj -> E:\vs2010_proj\JNIDemo\Debug\JNIDemo.dll
       FinalizeBuildStatus:
         正在删除文件“Debug\JNIDemo.unsuccessfulbuild”。
         正在对“Debug\JNIDemo.lastbuildstate”执行 Touch 任务。
     1>已完成生成项目“E:\vs2010_proj\JNIDemo\JNIDemo\JNIDemo.vcxproj”(build 个目标)的操作。

生成成功。

已用时间 00:00:01.25
